2025-09-22 18:00:31,142 - __main__ - INFO - 🛡️  Starting Mobile App Shield Effectiveness Analyzer
2025-09-22 18:00:31,142 - __main__ - INFO - ============================================================
2025-09-22 18:00:31,142 - __main__ - INFO - Initializing components...
2025-09-22 18:00:31,142 - __main__ - INFO - [1/25] Processing DNB Mobile...
2025-09-22 18:00:31,142 - __main__ - INFO -   📱 Collecting app information...
2025-09-22 18:00:34,022 - src.collectors.app_collector - WARNING - Failed to fetch app info for no.dnb.mobilbank
2025-09-22 18:00:34,023 - __main__ - INFO -   🔍 Analyzing protection solutions...
2025-09-22 18:00:34,023 - src.analysis.protection_detector - INFO - Analyzing protection for no.dnb.mobilbank
2025-09-22 18:00:34,023 - __main__ - INFO -   ⚔️  Running bypass tests...
2025-09-22 18:00:34,023 - src.attacks.bypass_tester - INFO - Running bypass tests for no.dnb.mobilbank
2025-09-22 18:00:34,024 - src.attacks.bypass_tester - INFO - Running Root Detection Bypass...
2025-09-22 18:00:35,022 - src.attacks.bypass_tester - INFO - Running SSL Pinning Bypass...
2025-09-22 18:00:36,162 - src.attacks.bypass_tester - INFO - Running Anti-Debug Bypass...
2025-09-22 18:00:37,927 - src.attacks.bypass_tester - INFO - Running Tampering Detection Bypass...
2025-09-22 18:00:39,519 - __main__ - INFO -   ✅ Completed analysis for DNB Mobile
2025-09-22 18:00:39,519 - __main__ - INFO - --------------------------------------------------
2025-09-22 18:00:39,519 - __main__ - INFO - [2/25] Processing Nordea Mobile...
2025-09-22 18:00:39,519 - __main__ - INFO -   📱 Collecting app information...
2025-09-22 18:00:46,266 - __main__ - INFO -   🔍 Analyzing protection solutions...
2025-09-22 18:00:46,266 - src.analysis.protection_detector - INFO - Analyzing protection for com.nordea.mobiletoken
2025-09-22 18:00:46,266 - __main__ - INFO -   ⚔️  Running bypass tests...
2025-09-22 18:00:46,266 - src.attacks.bypass_tester - INFO - Running bypass tests for com.nordea.mobiletoken
2025-09-22 18:00:46,266 - src.attacks.bypass_tester - INFO - Running Root Detection Bypass...
2025-09-22 18:00:46,875 - src.attacks.bypass_tester - INFO - Running SSL Pinning Bypass...
2025-09-22 18:00:47,721 - src.attacks.bypass_tester - INFO - Running Anti-Debug Bypass...
2025-09-22 18:00:48,811 - src.attacks.bypass_tester - INFO - Running Tampering Detection Bypass...
2025-09-22 18:00:50,306 - __main__ - INFO -   ✅ Completed analysis for Nordea Mobile
2025-09-22 18:00:50,307 - __main__ - INFO - --------------------------------------------------
2025-09-22 18:00:50,307 - __main__ - INFO - [3/25] Processing Sparebank 1...
2025-09-22 18:00:50,307 - __main__ - INFO -   📱 Collecting app information...
2025-09-22 18:00:56,543 - __main__ - INFO -   🔍 Analyzing protection solutions...
2025-09-22 18:00:56,543 - src.analysis.protection_detector - INFO - Analyzing protection for no.sparebank1.mobilbank
2025-09-22 18:00:56,543 - __main__ - INFO -   ⚔️  Running bypass tests...
2025-09-22 18:00:56,543 - src.attacks.bypass_tester - INFO - Running bypass tests for no.sparebank1.mobilbank
2025-09-22 18:00:56,543 - src.attacks.bypass_tester - INFO - Running Root Detection Bypass...
2025-09-22 18:00:58,266 - src.attacks.bypass_tester - INFO - Running SSL Pinning Bypass...
2025-09-22 18:01:00,262 - src.attacks.bypass_tester - INFO - Running Anti-Debug Bypass...
2025-09-22 18:01:01,095 - src.attacks.bypass_tester - INFO - Running Tampering Detection Bypass...
2025-09-22 18:01:02,592 - __main__ - INFO -   ✅ Completed analysis for Sparebank 1
2025-09-22 18:01:02,592 - __main__ - INFO - --------------------------------------------------
2025-09-22 18:01:02,592 - __main__ - INFO - [4/25] Processing Handelsbanken...
2025-09-22 18:01:02,592 - __main__ - INFO -   📱 Collecting app information...
2025-09-22 18:01:05,357 - src.collectors.app_collector - WARNING - Failed to fetch app info for com.handelsbanken.mobile.android.no
2025-09-22 18:01:05,358 - __main__ - INFO -   🔍 Analyzing protection solutions...
2025-09-22 18:01:05,358 - src.analysis.protection_detector - INFO - Analyzing protection for com.handelsbanken.mobile.android.no
2025-09-22 18:01:05,359 - __main__ - INFO -   ⚔️  Running bypass tests...
2025-09-22 18:01:05,359 - src.attacks.bypass_tester - INFO - Running bypass tests for com.handelsbanken.mobile.android.no
2025-09-22 18:01:05,359 - src.attacks.bypass_tester - INFO - Running Root Detection Bypass...
2025-09-22 18:01:06,844 - src.attacks.bypass_tester - INFO - Running SSL Pinning Bypass...
2025-09-22 18:01:08,231 - src.attacks.bypass_tester - INFO - Running Anti-Debug Bypass...
2025-09-22 18:01:08,882 - src.attacks.bypass_tester - INFO - Running Tampering Detection Bypass...
2025-09-22 18:01:10,553 - __main__ - INFO -   ✅ Completed analysis for Handelsbanken
2025-09-22 18:01:10,554 - __main__ - INFO - --------------------------------------------------
2025-09-22 18:01:10,554 - __main__ - INFO - [5/25] Processing Skandiabanken...
2025-09-22 18:01:10,554 - __main__ - INFO -   📱 Collecting app information...
2025-09-22 18:01:11,759 - src.collectors.app_collector - WARNING - Failed to fetch app info for no.skandiabanken.mobilbank
2025-09-22 18:01:11,760 - __main__ - INFO -   🔍 Analyzing protection solutions...
2025-09-22 18:01:11,760 - src.analysis.protection_detector - INFO - Analyzing protection for no.skandiabanken.mobilbank
2025-09-22 18:01:11,760 - __main__ - INFO -   ⚔️  Running bypass tests...
2025-09-22 18:01:11,760 - src.attacks.bypass_tester - INFO - Running bypass tests for no.skandiabanken.mobilbank
2025-09-22 18:01:11,760 - src.attacks.bypass_tester - INFO - Running Root Detection Bypass...
2025-09-22 18:01:13,578 - src.attacks.bypass_tester - INFO - Running SSL Pinning Bypass...
2025-09-22 18:01:14,093 - src.attacks.bypass_tester - INFO - Running Anti-Debug Bypass...
2025-09-22 18:01:15,891 - src.attacks.bypass_tester - INFO - Running Tampering Detection Bypass...
2025-09-22 18:01:17,605 - __main__ - INFO -   ✅ Completed analysis for Skandiabanken
2025-09-22 18:01:17,605 - __main__ - INFO - --------------------------------------------------
2025-09-22 18:01:17,605 - __main__ - INFO - [6/25] Processing Bank Norwegian...
2025-09-22 18:01:17,605 - __main__ - INFO -   📱 Collecting app information...
2025-09-22 18:01:19,899 - src.collectors.app_collector - WARNING - Failed to fetch app info for no.banknorwegian.mobilbank
2025-09-22 18:01:19,899 - __main__ - INFO -   🔍 Analyzing protection solutions...
2025-09-22 18:01:19,899 - src.analysis.protection_detector - INFO - Analyzing protection for no.banknorwegian.mobilbank
2025-09-22 18:01:19,900 - __main__ - INFO -   ⚔️  Running bypass tests...
2025-09-22 18:01:19,900 - src.attacks.bypass_tester - INFO - Running bypass tests for no.banknorwegian.mobilbank
2025-09-22 18:01:19,900 - src.attacks.bypass_tester - INFO - Running Root Detection Bypass...
2025-09-22 18:01:20,926 - src.attacks.bypass_tester - INFO - Running SSL Pinning Bypass...
2025-09-22 18:01:21,440 - src.attacks.bypass_tester - INFO - Running Anti-Debug Bypass...
2025-09-22 18:01:22,789 - src.attacks.bypass_tester - INFO - Running Tampering Detection Bypass...
2025-09-22 18:01:24,619 - __main__ - INFO -   ✅ Completed analysis for Bank Norwegian
2025-09-22 18:01:24,619 - __main__ - INFO - --------------------------------------------------
2025-09-22 18:01:24,620 - __main__ - INFO - [7/25] Processing Storebrand Bank...
2025-09-22 18:01:24,620 - __main__ - INFO -   📱 Collecting app information...
2025-09-22 18:01:25,844 - src.collectors.app_collector - WARNING - Failed to fetch app info for no.storebrand.mobilbank
2025-09-22 18:01:25,845 - __main__ - INFO -   🔍 Analyzing protection solutions...
2025-09-22 18:01:25,845 - src.analysis.protection_detector - INFO - Analyzing protection for no.storebrand.mobilbank
2025-09-22 18:01:25,845 - __main__ - INFO -   ⚔️  Running bypass tests...
2025-09-22 18:01:25,845 - src.attacks.bypass_tester - INFO - Running bypass tests for no.storebrand.mobilbank
2025-09-22 18:01:25,845 - src.attacks.bypass_tester - INFO - Running Root Detection Bypass...
2025-09-22 18:01:26,805 - src.attacks.bypass_tester - INFO - Running SSL Pinning Bypass...
2025-09-22 18:01:28,612 - src.attacks.bypass_tester - INFO - Running Anti-Debug Bypass...
2025-09-22 18:01:30,193 - src.attacks.bypass_tester - INFO - Running Tampering Detection Bypass...
2025-09-22 18:01:31,200 - __main__ - INFO -   ✅ Completed analysis for Storebrand Bank
2025-09-22 18:01:31,201 - __main__ - INFO - --------------------------------------------------
2025-09-22 18:01:31,201 - __main__ - INFO - [8/25] Processing Cultura Bank...
2025-09-22 18:01:31,201 - __main__ - INFO -   📱 Collecting app information...
2025-09-22 18:01:33,479 - src.collectors.app_collector - WARNING - Failed to fetch app info for no.culturabank.mobilbank
2025-09-22 18:01:33,479 - __main__ - INFO -   🔍 Analyzing protection solutions...
2025-09-22 18:01:33,480 - src.analysis.protection_detector - INFO - Analyzing protection for no.culturabank.mobilbank
2025-09-22 18:01:33,480 - __main__ - INFO -   ⚔️  Running bypass tests...
2025-09-22 18:01:33,480 - src.attacks.bypass_tester - INFO - Running bypass tests for no.culturabank.mobilbank
2025-09-22 18:01:33,480 - src.attacks.bypass_tester - INFO - Running Root Detection Bypass...
2025-09-22 18:01:34,814 - src.attacks.bypass_tester - INFO - Running SSL Pinning Bypass...
2025-09-22 18:01:35,900 - src.attacks.bypass_tester - INFO - Running Anti-Debug Bypass...
2025-09-22 18:01:37,512 - src.attacks.bypass_tester - INFO - Running Tampering Detection Bypass...
2025-09-22 18:01:39,200 - __main__ - INFO -   ✅ Completed analysis for Cultura Bank
2025-09-22 18:01:39,201 - __main__ - INFO - --------------------------------------------------
2025-09-22 18:01:39,202 - __main__ - INFO - [9/25] Processing Komplett Bank...
2025-09-22 18:01:39,202 - __main__ - INFO -   📱 Collecting app information...
2025-09-22 18:01:40,468 - src.collectors.app_collector - WARNING - Failed to fetch app info for no.komplettbank.mobilbank
2025-09-22 18:01:40,468 - __main__ - INFO -   🔍 Analyzing protection solutions...
2025-09-22 18:01:40,468 - src.analysis.protection_detector - INFO - Analyzing protection for no.komplettbank.mobilbank
2025-09-22 18:01:40,469 - __main__ - INFO -   ⚔️  Running bypass tests...
2025-09-22 18:01:40,469 - src.attacks.bypass_tester - INFO - Running bypass tests for no.komplettbank.mobilbank
2025-09-22 18:01:40,469 - src.attacks.bypass_tester - INFO - Running Root Detection Bypass...
2025-09-22 18:01:42,366 - src.attacks.bypass_tester - INFO - Running SSL Pinning Bypass...
2025-09-22 18:01:43,266 - src.attacks.bypass_tester - INFO - Running Anti-Debug Bypass...
2025-09-22 18:01:44,451 - src.attacks.bypass_tester - INFO - Running Tampering Detection Bypass...
2025-09-22 18:01:45,229 - __main__ - INFO -   ✅ Completed analysis for Komplett Bank
2025-09-22 18:01:45,229 - __main__ - INFO - --------------------------------------------------
2025-09-22 18:01:45,229 - __main__ - INFO - [10/25] Processing Sbanken...
2025-09-22 18:01:45,229 - __main__ - INFO -   📱 Collecting app information...
2025-09-22 18:01:47,699 - src.collectors.app_collector - WARNING - Failed to fetch app info for no.sbanken.mobilbank
2025-09-22 18:01:47,700 - __main__ - INFO -   🔍 Analyzing protection solutions...
2025-09-22 18:01:47,700 - src.analysis.protection_detector - INFO - Analyzing protection for no.sbanken.mobilbank
2025-09-22 18:01:47,700 - __main__ - INFO -   ⚔️  Running bypass tests...
2025-09-22 18:01:47,700 - src.attacks.bypass_tester - INFO - Running bypass tests for no.sbanken.mobilbank
2025-09-22 18:01:47,700 - src.attacks.bypass_tester - INFO - Running Root Detection Bypass...
2025-09-22 18:01:48,251 - src.attacks.bypass_tester - INFO - Running SSL Pinning Bypass...
2025-09-22 18:01:49,310 - src.attacks.bypass_tester - INFO - Running Anti-Debug Bypass...
2025-09-22 18:01:51,087 - src.attacks.bypass_tester - INFO - Running Tampering Detection Bypass...
2025-09-22 18:01:52,001 - __main__ - INFO -   ✅ Completed analysis for Sbanken
2025-09-22 18:01:52,001 - __main__ - INFO - --------------------------------------------------
2025-09-22 18:01:52,001 - __main__ - INFO - [11/25] Processing Danske Bank...
2025-09-22 18:01:52,001 - __main__ - INFO -   📱 Collecting app information...
2025-09-22 18:01:54,329 - src.collectors.app_collector - WARNING - Failed to fetch app info for com.danskebank.mobilebank3.no
2025-09-22 18:01:54,330 - __main__ - INFO -   🔍 Analyzing protection solutions...
2025-09-22 18:01:54,330 - src.analysis.protection_detector - INFO - Analyzing protection for com.danskebank.mobilebank3.no
2025-09-22 18:01:54,330 - __main__ - INFO -   ⚔️  Running bypass tests...
2025-09-22 18:01:54,330 - src.attacks.bypass_tester - INFO - Running bypass tests for com.danskebank.mobilebank3.no
2025-09-22 18:01:54,330 - src.attacks.bypass_tester - INFO - Running Root Detection Bypass...
2025-09-22 18:01:55,164 - src.attacks.bypass_tester - INFO - Running SSL Pinning Bypass...
2025-09-22 18:01:56,293 - src.attacks.bypass_tester - INFO - Running Anti-Debug Bypass...
2025-09-22 18:01:57,330 - src.attacks.bypass_tester - INFO - Running Tampering Detection Bypass...
2025-09-22 18:01:58,815 - __main__ - INFO -   ✅ Completed analysis for Danske Bank
2025-09-22 18:01:58,816 - __main__ - INFO - --------------------------------------------------
2025-09-22 18:01:58,816 - __main__ - INFO - [12/25] Processing SEB...
2025-09-22 18:01:58,816 - __main__ - INFO -   📱 Collecting app information...
2025-09-22 18:02:00,045 - src.collectors.app_collector - WARNING - Failed to fetch app info for com.seb.android.no
2025-09-22 18:02:00,045 - __main__ - INFO -   🔍 Analyzing protection solutions...
2025-09-22 18:02:00,045 - src.analysis.protection_detector - INFO - Analyzing protection for com.seb.android.no
2025-09-22 18:02:00,045 - __main__ - INFO -   ⚔️  Running bypass tests...
2025-09-22 18:02:00,045 - src.attacks.bypass_tester - INFO - Running bypass tests for com.seb.android.no
2025-09-22 18:02:00,046 - src.attacks.bypass_tester - INFO - Running Root Detection Bypass...
2025-09-22 18:02:00,941 - src.attacks.bypass_tester - INFO - Running SSL Pinning Bypass...
2025-09-22 18:02:02,672 - src.attacks.bypass_tester - INFO - Running Anti-Debug Bypass...
2025-09-22 18:02:04,300 - src.attacks.bypass_tester - INFO - Running Tampering Detection Bypass...
2025-09-22 18:02:05,770 - __main__ - INFO -   ✅ Completed analysis for SEB
2025-09-22 18:02:05,770 - __main__ - INFO - --------------------------------------------------
2025-09-22 18:02:05,770 - __main__ - INFO - [13/25] Processing Santander...
2025-09-22 18:02:05,771 - __main__ - INFO -   📱 Collecting app information...
2025-09-22 18:02:08,532 - src.collectors.app_collector - WARNING - Failed to fetch app info for no.santander.mobilbank
2025-09-22 18:02:08,532 - __main__ - INFO -   🔍 Analyzing protection solutions...
2025-09-22 18:02:08,532 - src.analysis.protection_detector - INFO - Analyzing protection for no.santander.mobilbank
2025-09-22 18:02:08,532 - __main__ - INFO -   ⚔️  Running bypass tests...
2025-09-22 18:02:08,532 - src.attacks.bypass_tester - INFO - Running bypass tests for no.santander.mobilbank
2025-09-22 18:02:08,533 - src.attacks.bypass_tester - INFO - Running Root Detection Bypass...
2025-09-22 18:02:10,217 - src.attacks.bypass_tester - INFO - Running SSL Pinning Bypass...
2025-09-22 18:02:11,197 - src.attacks.bypass_tester - INFO - Running Anti-Debug Bypass...
2025-09-22 18:02:12,397 - src.attacks.bypass_tester - INFO - Running Tampering Detection Bypass...
2025-09-22 18:02:13,395 - __main__ - INFO -   ✅ Completed analysis for Santander
2025-09-22 18:02:13,396 - __main__ - INFO - --------------------------------------------------
2025-09-22 18:02:13,396 - __main__ - INFO - [14/25] Processing OBOS-banken...
2025-09-22 18:02:13,397 - __main__ - INFO -   📱 Collecting app information...
2025-09-22 18:02:14,791 - src.collectors.app_collector - WARNING - Failed to fetch app info for no.obosbanken.mobilbank
2025-09-22 18:02:14,791 - __main__ - INFO -   🔍 Analyzing protection solutions...
2025-09-22 18:02:14,792 - src.analysis.protection_detector - INFO - Analyzing protection for no.obosbanken.mobilbank
2025-09-22 18:02:14,792 - __main__ - INFO -   ⚔️  Running bypass tests...
2025-09-22 18:02:14,792 - src.attacks.bypass_tester - INFO - Running bypass tests for no.obosbanken.mobilbank
2025-09-22 18:02:14,792 - src.attacks.bypass_tester - INFO - Running Root Detection Bypass...
2025-09-22 18:02:16,031 - src.attacks.bypass_tester - INFO - Running SSL Pinning Bypass...
2025-09-22 18:02:17,530 - src.attacks.bypass_tester - INFO - Running Anti-Debug Bypass...
2025-09-22 18:02:18,378 - src.attacks.bypass_tester - INFO - Running Tampering Detection Bypass...
2025-09-22 18:02:20,111 - __main__ - INFO -   ✅ Completed analysis for OBOS-banken
2025-09-22 18:02:20,111 - __main__ - INFO - --------------------------------------------------
2025-09-22 18:02:20,111 - __main__ - INFO - [15/25] Processing Vipps...
2025-09-22 18:02:20,111 - __main__ - INFO -   📱 Collecting app information...
2025-09-22 18:02:26,936 - __main__ - INFO -   🔍 Analyzing protection solutions...
2025-09-22 18:02:26,936 - src.analysis.protection_detector - INFO - Analyzing protection for no.dnb.vipps
2025-09-22 18:02:26,936 - __main__ - INFO -   ⚔️  Running bypass tests...
2025-09-22 18:02:26,936 - src.attacks.bypass_tester - INFO - Running bypass tests for no.dnb.vipps
2025-09-22 18:02:26,936 - src.attacks.bypass_tester - INFO - Running Root Detection Bypass...
2025-09-22 18:02:28,224 - src.attacks.bypass_tester - INFO - Running SSL Pinning Bypass...
2025-09-22 18:02:29,543 - src.attacks.bypass_tester - INFO - Running Anti-Debug Bypass...
2025-09-22 18:02:30,105 - src.attacks.bypass_tester - INFO - Running Tampering Detection Bypass...
2025-09-22 18:02:31,271 - __main__ - INFO -   ✅ Completed analysis for Vipps
2025-09-22 18:02:31,272 - __main__ - INFO - --------------------------------------------------
2025-09-22 18:02:31,272 - __main__ - INFO - [16/25] Processing Swedbank Norway...
2025-09-22 18:02:31,272 - __main__ - INFO -   📱 Collecting app information...
2025-09-22 18:02:32,770 - src.collectors.app_collector - WARNING - Failed to fetch app info for com.swedbank.mobilbank.no
2025-09-22 18:02:32,771 - __main__ - INFO -   🔍 Analyzing protection solutions...
2025-09-22 18:02:32,771 - src.analysis.protection_detector - INFO - Analyzing protection for com.swedbank.mobilbank.no
2025-09-22 18:02:32,771 - __main__ - INFO -   ⚔️  Running bypass tests...
2025-09-22 18:02:32,771 - src.attacks.bypass_tester - INFO - Running bypass tests for com.swedbank.mobilbank.no
2025-09-22 18:02:32,771 - src.attacks.bypass_tester - INFO - Running Root Detection Bypass...
2025-09-22 18:02:33,514 - src.attacks.bypass_tester - INFO - Running SSL Pinning Bypass...
2025-09-22 18:02:35,107 - src.attacks.bypass_tester - INFO - Running Anti-Debug Bypass...
2025-09-22 18:02:37,019 - src.attacks.bypass_tester - INFO - Running Tampering Detection Bypass...
2025-09-22 18:02:38,064 - __main__ - INFO -   ✅ Completed analysis for Swedbank Norway
2025-09-22 18:02:38,064 - __main__ - INFO - --------------------------------------------------
2025-09-22 18:02:38,064 - __main__ - INFO - [17/25] Processing Nordnet...
2025-09-22 18:02:38,064 - __main__ - INFO -   📱 Collecting app information...
2025-09-22 18:02:41,093 - src.collectors.app_collector - WARNING - Failed to fetch app info for com.nordnet.android.no
2025-09-22 18:02:41,093 - __main__ - INFO -   🔍 Analyzing protection solutions...
2025-09-22 18:02:41,093 - src.analysis.protection_detector - INFO - Analyzing protection for com.nordnet.android.no
2025-09-22 18:02:41,093 - __main__ - INFO -   ⚔️  Running bypass tests...
2025-09-22 18:02:41,093 - src.attacks.bypass_tester - INFO - Running bypass tests for com.nordnet.android.no
2025-09-22 18:02:41,094 - src.attacks.bypass_tester - INFO - Running Root Detection Bypass...
2025-09-22 18:02:42,612 - src.attacks.bypass_tester - INFO - Running SSL Pinning Bypass...
2025-09-22 18:02:44,177 - src.attacks.bypass_tester - INFO - Running Anti-Debug Bypass...
2025-09-22 18:02:45,129 - src.attacks.bypass_tester - INFO - Running Tampering Detection Bypass...
2025-09-22 18:02:47,009 - __main__ - INFO -   ✅ Completed analysis for Nordnet
2025-09-22 18:02:47,010 - __main__ - INFO - --------------------------------------------------
2025-09-22 18:02:47,010 - __main__ - INFO - [18/25] Processing Sparebanken Vest...
2025-09-22 18:02:47,010 - __main__ - INFO -   📱 Collecting app information...
2025-09-22 18:02:49,794 - src.collectors.app_collector - WARNING - Failed to fetch app info for no.sparebankenvest.mobilbank
2025-09-22 18:02:49,795 - __main__ - INFO -   🔍 Analyzing protection solutions...
2025-09-22 18:02:49,795 - src.analysis.protection_detector - INFO - Analyzing protection for no.sparebankenvest.mobilbank
2025-09-22 18:02:49,795 - __main__ - INFO -   ⚔️  Running bypass tests...
2025-09-22 18:02:49,796 - src.attacks.bypass_tester - INFO - Running bypass tests for no.sparebankenvest.mobilbank
2025-09-22 18:02:49,796 - src.attacks.bypass_tester - INFO - Running Root Detection Bypass...
2025-09-22 18:02:51,023 - src.attacks.bypass_tester - INFO - Running SSL Pinning Bypass...
2025-09-22 18:02:51,790 - src.attacks.bypass_tester - INFO - Running Anti-Debug Bypass...
2025-09-22 18:02:53,229 - src.attacks.bypass_tester - INFO - Running Tampering Detection Bypass...
2025-09-22 18:02:53,992 - __main__ - INFO -   ✅ Completed analysis for Sparebanken Vest
2025-09-22 18:02:53,992 - __main__ - INFO - --------------------------------------------------
2025-09-22 18:02:53,992 - __main__ - INFO - [19/25] Processing Sparebanken Øst...
2025-09-22 18:02:53,992 - __main__ - INFO -   📱 Collecting app information...
2025-09-22 18:02:55,649 - src.collectors.app_collector - WARNING - Failed to fetch app info for no.sparebankenost.mobilbank
2025-09-22 18:02:55,650 - __main__ - INFO -   🔍 Analyzing protection solutions...
2025-09-22 18:02:55,650 - src.analysis.protection_detector - INFO - Analyzing protection for no.sparebankenost.mobilbank
2025-09-22 18:02:55,650 - __main__ - INFO -   ⚔️  Running bypass tests...
2025-09-22 18:02:55,650 - src.attacks.bypass_tester - INFO - Running bypass tests for no.sparebankenost.mobilbank
2025-09-22 18:02:55,650 - src.attacks.bypass_tester - INFO - Running Root Detection Bypass...
2025-09-22 18:02:57,482 - src.attacks.bypass_tester - INFO - Running SSL Pinning Bypass...
2025-09-22 18:02:58,916 - src.attacks.bypass_tester - INFO - Running Anti-Debug Bypass...
2025-09-22 18:03:00,431 - src.attacks.bypass_tester - INFO - Running Tampering Detection Bypass...
2025-09-22 18:03:01,096 - __main__ - INFO -   ✅ Completed analysis for Sparebanken Øst
2025-09-22 18:03:01,097 - __main__ - INFO - --------------------------------------------------
2025-09-22 18:03:01,097 - __main__ - INFO - [20/25] Processing Sparebanken Møre...
2025-09-22 18:03:01,097 - __main__ - INFO -   📱 Collecting app information...
2025-09-22 18:03:03,406 - src.collectors.app_collector - WARNING - Failed to fetch app info for no.sparebankenmøre.mobilbank
2025-09-22 18:03:03,407 - __main__ - INFO -   🔍 Analyzing protection solutions...
2025-09-22 18:03:03,407 - src.analysis.protection_detector - INFO - Analyzing protection for no.sparebankenmøre.mobilbank
2025-09-22 18:03:03,407 - __main__ - INFO -   ⚔️  Running bypass tests...
2025-09-22 18:03:03,407 - src.attacks.bypass_tester - INFO - Running bypass tests for no.sparebankenmøre.mobilbank
2025-09-22 18:03:03,408 - src.attacks.bypass_tester - INFO - Running Root Detection Bypass...
2025-09-22 18:03:04,589 - src.attacks.bypass_tester - INFO - Running SSL Pinning Bypass...
2025-09-22 18:03:06,002 - src.attacks.bypass_tester - INFO - Running Anti-Debug Bypass...
2025-09-22 18:03:06,884 - src.attacks.bypass_tester - INFO - Running Tampering Detection Bypass...
2025-09-22 18:03:08,199 - __main__ - INFO -   ✅ Completed analysis for Sparebanken Møre
2025-09-22 18:03:08,199 - __main__ - INFO - --------------------------------------------------
2025-09-22 18:03:08,199 - __main__ - INFO - [21/25] Processing Klarna...
2025-09-22 18:03:08,199 - __main__ - INFO -   📱 Collecting app information...
2025-09-22 18:03:15,044 - __main__ - INFO -   🔍 Analyzing protection solutions...
2025-09-22 18:03:15,045 - src.analysis.protection_detector - INFO - Analyzing protection for com.myklarnamobile
2025-09-22 18:03:15,045 - __main__ - INFO -   ⚔️  Running bypass tests...
2025-09-22 18:03:15,045 - src.attacks.bypass_tester - INFO - Running bypass tests for com.myklarnamobile
2025-09-22 18:03:15,045 - src.attacks.bypass_tester - INFO - Running Root Detection Bypass...
2025-09-22 18:03:16,790 - src.attacks.bypass_tester - INFO - Running SSL Pinning Bypass...
2025-09-22 18:03:18,697 - src.attacks.bypass_tester - INFO - Running Anti-Debug Bypass...
2025-09-22 18:03:20,618 - src.attacks.bypass_tester - INFO - Running Tampering Detection Bypass...
2025-09-22 18:03:22,090 - __main__ - INFO -   ✅ Completed analysis for Klarna
2025-09-22 18:03:22,091 - __main__ - INFO - --------------------------------------------------
2025-09-22 18:03:22,091 - __main__ - INFO - [22/25] Processing Lunar...
2025-09-22 18:03:22,091 - __main__ - INFO -   📱 Collecting app information...
2025-09-22 18:03:24,293 - src.collectors.app_collector - WARNING - Failed to fetch app info for co.lunarway.lunar
2025-09-22 18:03:24,294 - __main__ - INFO -   🔍 Analyzing protection solutions...
2025-09-22 18:03:24,294 - src.analysis.protection_detector - INFO - Analyzing protection for co.lunarway.lunar
2025-09-22 18:03:24,294 - __main__ - INFO -   ⚔️  Running bypass tests...
2025-09-22 18:03:24,294 - src.attacks.bypass_tester - INFO - Running bypass tests for co.lunarway.lunar
2025-09-22 18:03:24,294 - src.attacks.bypass_tester - INFO - Running Root Detection Bypass...
2025-09-22 18:03:25,110 - src.attacks.bypass_tester - INFO - Running SSL Pinning Bypass...
2025-09-22 18:03:26,810 - src.attacks.bypass_tester - INFO - Running Anti-Debug Bypass...
2025-09-22 18:03:27,334 - src.attacks.bypass_tester - INFO - Running Tampering Detection Bypass...
2025-09-22 18:03:28,822 - __main__ - INFO -   ✅ Completed analysis for Lunar
2025-09-22 18:03:28,823 - __main__ - INFO - --------------------------------------------------
2025-09-22 18:03:28,823 - __main__ - INFO - [23/25] Processing Revolut...
2025-09-22 18:03:28,823 - __main__ - INFO -   📱 Collecting app information...
2025-09-22 18:03:34,723 - __main__ - INFO -   🔍 Analyzing protection solutions...
2025-09-22 18:03:34,724 - src.analysis.protection_detector - INFO - Analyzing protection for com.revolut.revolut
2025-09-22 18:03:34,724 - __main__ - INFO -   ⚔️  Running bypass tests...
2025-09-22 18:03:34,724 - src.attacks.bypass_tester - INFO - Running bypass tests for com.revolut.revolut
2025-09-22 18:03:34,724 - src.attacks.bypass_tester - INFO - Running Root Detection Bypass...
2025-09-22 18:03:35,932 - src.attacks.bypass_tester - INFO - Running SSL Pinning Bypass...
2025-09-22 18:03:37,081 - src.attacks.bypass_tester - INFO - Running Anti-Debug Bypass...
2025-09-22 18:03:38,502 - src.attacks.bypass_tester - INFO - Running Tampering Detection Bypass...
2025-09-22 18:03:39,613 - __main__ - INFO -   ✅ Completed analysis for Revolut
2025-09-22 18:03:39,613 - __main__ - INFO - --------------------------------------------------
2025-09-22 18:03:39,613 - __main__ - INFO - [24/25] Processing N26...
2025-09-22 18:03:39,613 - __main__ - INFO -   📱 Collecting app information...
2025-09-22 18:03:45,213 - __main__ - INFO -   🔍 Analyzing protection solutions...
2025-09-22 18:03:45,214 - src.analysis.protection_detector - INFO - Analyzing protection for de.number26.android
2025-09-22 18:03:45,214 - __main__ - INFO -   ⚔️  Running bypass tests...
2025-09-22 18:03:45,214 - src.attacks.bypass_tester - INFO - Running bypass tests for de.number26.android
2025-09-22 18:03:45,214 - src.attacks.bypass_tester - INFO - Running Root Detection Bypass...
2025-09-22 18:03:46,408 - src.attacks.bypass_tester - INFO - Running SSL Pinning Bypass...
2025-09-22 18:03:47,112 - src.attacks.bypass_tester - INFO - Running Anti-Debug Bypass...
2025-09-22 18:03:47,860 - src.attacks.bypass_tester - INFO - Running Tampering Detection Bypass...
2025-09-22 18:03:48,624 - __main__ - INFO -   ✅ Completed analysis for N26
2025-09-22 18:03:48,624 - __main__ - INFO - --------------------------------------------------
2025-09-22 18:03:48,624 - __main__ - INFO - [25/25] Processing Wise...
2025-09-22 18:03:48,624 - __main__ - INFO -   📱 Collecting app information...
2025-09-22 18:03:50,664 - src.collectors.app_collector - WARNING - Failed to fetch app info for com.wise.android
2025-09-22 18:03:50,665 - __main__ - INFO -   🔍 Analyzing protection solutions...
2025-09-22 18:03:50,665 - src.analysis.protection_detector - INFO - Analyzing protection for com.wise.android
2025-09-22 18:03:50,665 - __main__ - INFO -   ⚔️  Running bypass tests...
2025-09-22 18:03:50,665 - src.attacks.bypass_tester - INFO - Running bypass tests for com.wise.android
2025-09-22 18:03:50,665 - src.attacks.bypass_tester - INFO - Running Root Detection Bypass...
2025-09-22 18:03:52,425 - src.attacks.bypass_tester - INFO - Running SSL Pinning Bypass...
2025-09-22 18:03:53,801 - src.attacks.bypass_tester - INFO - Running Anti-Debug Bypass...
2025-09-22 18:03:54,541 - src.attacks.bypass_tester - INFO - Running Tampering Detection Bypass...
2025-09-22 18:03:55,477 - __main__ - INFO -   ✅ Completed analysis for Wise
2025-09-22 18:03:55,477 - __main__ - INFO - --------------------------------------------------
2025-09-22 18:03:55,478 - __main__ - INFO - 📊 Analyzing overall effectiveness...
2025-09-22 18:03:55,478 - src.analysis.effectiveness_analyzer - INFO - Analyzing effectiveness across all tested apps
2025-09-22 18:03:55,488 - src.analysis.effectiveness_analyzer - INFO - Analysis results saved to output/analysis_results.json
2025-09-22 18:03:55,489 - __main__ - INFO - 📈 Generating dashboard...
2025-09-22 18:03:55,495 - src.reporting.dashboard - INFO - Dashboard data saved. Run 'streamlit run src/reporting/dashboard.py' to view.
2025-09-22 18:03:55,495 - __main__ - INFO - ============================================================
2025-09-22 18:03:55,495 - __main__ - INFO - 🎉 Analysis complete!
2025-09-22 18:03:55,496 - __main__ - INFO - 📱 Dashboard available at: http://localhost:8501
2025-09-22 18:03:55,496 - __main__ - INFO - 📄 Run 'streamlit run src/reporting/dashboard.py' to view results
